<?xml version="1.0" encoding="UTF-8"?>
<testng-results skipped="0" failed="0" ignored="0" total="1" passed="1">
  <reporter-output>
  </reporter-output>
  <suite name="Default suite" duration-ms="2695" started-at="2022-10-19T23:38:44Z" finished-at="2022-10-19T23:38:47Z">
    <groups>
    </groups>
    <test name="Default test" duration-ms="2695" started-at="2022-10-19T23:38:44Z" finished-at="2022-10-19T23:38:47Z">
      <class name="test.ValidateCategoryBox">
        <test-method status="PASS" signature="ValidateCategoryCheckBox()[pri:0, instance:test.ValidateCategoryBox@147ed70f]" name="ValidateCategoryCheckBox" duration-ms="2676" started-at="2022-10-19T23:38:44Z" finished-at="2022-10-19T23:38:47Z">
          <reporter-output>
          </reporter-output>
        </test-method> <!-- ValidateCategoryCheckBox -->
      </class> <!-- test.ValidateCategoryBox -->
    </test> <!-- Default test -->
  </suite> <!-- Default suite -->
</testng-results>
